[TrendScout] wrote 1 insight row
1. disease → alzheimer's (w=13.60)
2. disease → parkinson's (w=9.70)
3. mech → oxidative stress (w=2.60)
4. disease → chronic idiopathic constipation (w=1.60)
5. disease → down syndrome (w=1.60)
6. mech → mucin degradation by bacterial sulfatases and glycosylases (w=1.60)
7. mech → fecal mucin terminal sulfate catabolism (w=1.60)
8. mech → reduced colonic lubrication and fecal dehydration (w=1.60)
9. mech → rest downregulation and altered sub-cellular localization (w=1.60)
10. mech → nad+/sirt1 axis mediated chromatin remodeling (w=1.60)
[TrendScout] wrote 1 insight row
1. disease → alzheimer's (w=13.60)
2. disease → parkinson's (w=9.70)
3. mech → oxidative stress (w=2.60)
4. disease → chronic idiopathic constipation (w=1.60)
5. disease → down syndrome (w=1.60)
6. mech → mucin degradation by bacterial sulfatases and glycosylases (w=1.60)
7. mech → fecal mucin terminal sulfate catabolism (w=1.60)
8. mech → reduced colonic lubrication and fecal dehydration (w=1.60)
9. mech → rest downregulation and altered sub-cellular localization (w=1.60)
10. mech → nad+/sirt1 axis mediated chromatin remodeling (w=1.60)
[TrendScout] wrote 1 insight row
1. disease → alzheimer's (w=13.60)
2. disease → parkinson's (w=9.70)
3. mech → oxidative stress (w=2.60)
4. disease → chronic idiopathic constipation (w=1.60)
5. disease → down syndrome (w=1.60)
6. mech → mucin degradation by bacterial sulfatases and glycosylases (w=1.60)
7. mech → fecal mucin terminal sulfate catabolism (w=1.60)
8. mech → reduced colonic lubrication and fecal dehydration (w=1.60)
9. mech → rest downregulation and altered sub-cellular localization (w=1.60)
10. mech → nad+/sirt1 axis mediated chromatin remodeling (w=1.60)
[TrendScout] wrote 1 insight row
1. disease → alzheimer's (w=13.60)
2. disease → parkinson's (w=9.70)
3. mech → oxidative stress (w=2.60)
4. disease → chronic idiopathic constipation (w=1.60)
5. disease → down syndrome (w=1.60)
6. mech → mucin degradation by bacterial sulfatases and glycosylases (w=1.60)
7. mech → fecal mucin terminal sulfate catabolism (w=1.60)
8. mech → reduced colonic lubrication and fecal dehydration (w=1.60)
9. mech → rest downregulation and altered sub-cellular localization (w=1.60)
10. mech → nad+/sirt1 axis mediated chromatin remodeling (w=1.60)
[TrendScout] wrote 1 insight row
1. disease → alzheimer's (w=13.60)
2. disease → parkinson's (w=9.70)
3. mech → oxidative stress (w=2.60)
4. disease → chronic idiopathic constipation (w=1.60)
5. disease → down syndrome (w=1.60)
6. mech → mucin degradation by bacterial sulfatases and glycosylases (w=1.60)
7. mech → fecal mucin terminal sulfate catabolism (w=1.60)
8. mech → reduced colonic lubrication and fecal dehydration (w=1.60)
9. mech → rest downregulation and altered sub-cellular localization (w=1.60)
10. mech → nad+/sirt1 axis mediated chromatin remodeling (w=1.60)
[TrendScout] wrote 1 insight row
1. disease → alzheimer's (w=13.60)
2. disease → parkinson's (w=9.70)
3. mech → oxidative stress (w=2.60)
4. disease → chronic idiopathic constipation (w=1.60)
5. disease → down syndrome (w=1.60)
6. mech → mucin degradation by bacterial sulfatases and glycosylases (w=1.60)
7. mech → fecal mucin terminal sulfate catabolism (w=1.60)
8. mech → reduced colonic lubrication and fecal dehydration (w=1.60)
9. mech → rest downregulation and altered sub-cellular localization (w=1.60)
10. mech → nad+/sirt1 axis mediated chromatin remodeling (w=1.60)
[TrendScout] wrote 1 insight row
1. disease → alzheimer's (w=13.60)
2. disease → parkinson's (w=9.70)
3. mech → oxidative stress (w=2.60)
4. disease → chronic idiopathic constipation (w=1.60)
5. disease → down syndrome (w=1.60)
6. mech → mucin degradation by bacterial sulfatases and glycosylases (w=1.60)
7. mech → fecal mucin terminal sulfate catabolism (w=1.60)
8. mech → reduced colonic lubrication and fecal dehydration (w=1.60)
9. mech → rest downregulation and altered sub-cellular localization (w=1.60)
10. mech → nad+/sirt1 axis mediated chromatin remodeling (w=1.60)
[TrendScout] wrote 1 insight row
1. disease → alzheimer's (w=13.60)
2. disease → parkinson's (w=9.70)
3. mech → oxidative stress (w=2.60)
4. disease → chronic idiopathic constipation (w=1.60)
5. disease → down syndrome (w=1.60)
6. mech → mucin degradation by bacterial sulfatases and glycosylases (w=1.60)
7. mech → fecal mucin terminal sulfate catabolism (w=1.60)
8. mech → reduced colonic lubrication and fecal dehydration (w=1.60)
9. mech → rest downregulation and altered sub-cellular localization (w=1.60)
10. mech → nad+/sirt1 axis mediated chromatin remodeling (w=1.60)
[TrendScout] wrote 1 insight row
1. disease → alzheimer's (w=13.60)
2. disease → parkinson's (w=9.70)
3. mech → oxidative stress (w=2.60)
4. disease → chronic idiopathic constipation (w=1.60)
5. disease → down syndrome (w=1.60)
6. mech → mucin degradation by bacterial sulfatases and glycosylases (w=1.60)
7. mech → fecal mucin terminal sulfate catabolism (w=1.60)
8. mech → reduced colonic lubrication and fecal dehydration (w=1.60)
9. mech → rest downregulation and altered sub-cellular localization (w=1.60)
10. mech → nad+/sirt1 axis mediated chromatin remodeling (w=1.60)
[TrendScout] wrote 1 insight row
1. disease → alzheimer's (w=13.60)
2. disease → parkinson's (w=9.70)
3. mech → oxidative stress (w=2.60)
4. disease → chronic idiopathic constipation (w=1.60)
5. disease → down syndrome (w=1.60)
6. mech → mucin degradation by bacterial sulfatases and glycosylases (w=1.60)
7. mech → fecal mucin terminal sulfate catabolism (w=1.60)
8. mech → reduced colonic lubrication and fecal dehydration (w=1.60)
9. mech → rest downregulation and altered sub-cellular localization (w=1.60)
10. mech → nad+/sirt1 axis mediated chromatin remodeling (w=1.60)
[TrendScout] wrote 1 insight row
1. disease → alzheimer's (w=13.60)
2. disease → parkinson's (w=9.70)
3. mech → oxidative stress (w=2.60)
4. disease → chronic idiopathic constipation (w=1.60)
5. disease → down syndrome (w=1.60)
6. mech → mucin degradation by bacterial sulfatases and glycosylases (w=1.60)
7. mech → fecal mucin terminal sulfate catabolism (w=1.60)
8. mech → reduced colonic lubrication and fecal dehydration (w=1.60)
9. mech → rest downregulation and altered sub-cellular localization (w=1.60)
10. mech → nad+/sirt1 axis mediated chromatin remodeling (w=1.60)
[TrendScout] wrote 1 insight row
1. disease → alzheimer's (w=13.60)
2. disease → parkinson's (w=9.70)
3. mech → oxidative stress (w=2.60)
4. disease → chronic idiopathic constipation (w=1.60)
5. disease → down syndrome (w=1.60)
6. mech → mucin degradation by bacterial sulfatases and glycosylases (w=1.60)
7. mech → fecal mucin terminal sulfate catabolism (w=1.60)
8. mech → reduced colonic lubrication and fecal dehydration (w=1.60)
9. mech → rest downregulation and altered sub-cellular localization (w=1.60)
10. mech → nad+/sirt1 axis mediated chromatin remodeling (w=1.60)
[TrendScout] wrote 1 insight row
1. disease → alzheimer's (w=13.60)
2. disease → parkinson's (w=9.70)
3. mech → oxidative stress (w=2.60)
4. disease → chronic idiopathic constipation (w=1.60)
5. disease → down syndrome (w=1.60)
6. mech → mucin degradation by bacterial sulfatases and glycosylases (w=1.60)
7. mech → fecal mucin terminal sulfate catabolism (w=1.60)
8. mech → reduced colonic lubrication and fecal dehydration (w=1.60)
9. mech → rest downregulation and altered sub-cellular localization (w=1.60)
10. mech → nad+/sirt1 axis mediated chromatin remodeling (w=1.60)
[TrendScout] wrote 1 insight row
1. disease → alzheimer's (w=13.60)
2. disease → parkinson's (w=9.70)
3. mech → oxidative stress (w=2.60)
4. disease → chronic idiopathic constipation (w=1.60)
5. disease → down syndrome (w=1.60)
6. mech → mucin degradation by bacterial sulfatases and glycosylases (w=1.60)
7. mech → fecal mucin terminal sulfate catabolism (w=1.60)
8. mech → reduced colonic lubrication and fecal dehydration (w=1.60)
9. mech → rest downregulation and altered sub-cellular localization (w=1.60)
10. mech → nad+/sirt1 axis mediated chromatin remodeling (w=1.60)
[TrendScout] wrote 1 insight row
1. disease → alzheimer's (w=13.60)
2. disease → parkinson's (w=9.70)
3. mech → oxidative stress (w=2.60)
4. disease → chronic idiopathic constipation (w=1.60)
5. disease → down syndrome (w=1.60)
6. mech → mucin degradation by bacterial sulfatases and glycosylases (w=1.60)
7. mech → fecal mucin terminal sulfate catabolism (w=1.60)
8. mech → reduced colonic lubrication and fecal dehydration (w=1.60)
9. mech → rest downregulation and altered sub-cellular localization (w=1.60)
10. mech → nad+/sirt1 axis mediated chromatin remodeling (w=1.60)
[TrendScout] wrote 1 insight row
1. disease → alzheimer's (w=13.60)
2. disease → parkinson's (w=9.70)
3. mech → oxidative stress (w=2.60)
4. disease → chronic idiopathic constipation (w=1.60)
5. disease → down syndrome (w=1.60)
6. mech → mucin degradation by bacterial sulfatases and glycosylases (w=1.60)
7. mech → fecal mucin terminal sulfate catabolism (w=1.60)
8. mech → reduced colonic lubrication and fecal dehydration (w=1.60)
9. mech → rest downregulation and altered sub-cellular localization (w=1.60)
10. mech → nad+/sirt1 axis mediated chromatin remodeling (w=1.60)
[TrendScout] wrote 1 insight row
1. disease → alzheimer's (w=13.60)
2. disease → parkinson's (w=9.70)
3. mech → oxidative stress (w=2.60)
4. disease → chronic idiopathic constipation (w=1.60)
5. disease → down syndrome (w=1.60)
6. mech → mucin degradation by bacterial sulfatases and glycosylases (w=1.60)
7. mech → fecal mucin terminal sulfate catabolism (w=1.60)
8. mech → reduced colonic lubrication and fecal dehydration (w=1.60)
9. mech → rest downregulation and altered sub-cellular localization (w=1.60)
10. mech → nad+/sirt1 axis mediated chromatin remodeling (w=1.60)
[TrendScout] wrote 1 insight row
1. disease → alzheimer's (w=13.60)
2. disease → parkinson's (w=9.70)
3. mech → oxidative stress (w=2.60)
4. disease → chronic idiopathic constipation (w=1.60)
5. disease → down syndrome (w=1.60)
6. mech → mucin degradation by bacterial sulfatases and glycosylases (w=1.60)
7. mech → fecal mucin terminal sulfate catabolism (w=1.60)
8. mech → reduced colonic lubrication and fecal dehydration (w=1.60)
9. mech → rest downregulation and altered sub-cellular localization (w=1.60)
10. mech → nad+/sirt1 axis mediated chromatin remodeling (w=1.60)
[TrendScout] wrote 1 insight row
1. disease → alzheimer's (w=13.60)
2. disease → parkinson's (w=9.70)
3. mech → oxidative stress (w=2.60)
4. disease → chronic idiopathic constipation (w=1.60)
5. disease → down syndrome (w=1.60)
6. mech → mucin degradation by bacterial sulfatases and glycosylases (w=1.60)
7. mech → fecal mucin terminal sulfate catabolism (w=1.60)
8. mech → reduced colonic lubrication and fecal dehydration (w=1.60)
9. mech → rest downregulation and altered sub-cellular localization (w=1.60)
10. mech → nad+/sirt1 axis mediated chromatin remodeling (w=1.60)
[TrendScout] wrote 1 insight row
1. disease → alzheimer's (w=13.60)
2. disease → parkinson's (w=9.70)
3. mech → oxidative stress (w=2.60)
4. disease → chronic idiopathic constipation (w=1.60)
5. disease → down syndrome (w=1.60)
6. mech → mucin degradation by bacterial sulfatases and glycosylases (w=1.60)
7. mech → fecal mucin terminal sulfate catabolism (w=1.60)
8. mech → reduced colonic lubrication and fecal dehydration (w=1.60)
9. mech → rest downregulation and altered sub-cellular localization (w=1.60)
10. mech → nad+/sirt1 axis mediated chromatin remodeling (w=1.60)
[TrendScout] no signals found in window
[TrendScout] no signals found in window
[TrendScout] no signals found in window
[TrendScout] no signals found in window
[TrendScout] no signals found in window
[TrendScout] no signals found in window
[TrendScout] no signals found in window
[TrendScout] no signals found in window
[TrendScout] no signals found in window
[TrendScout] no signals found in window
[TrendScout] no signals found in window
[TrendScout] no signals found in window
[TrendScout] no signals found in window
[TrendScout] no signals found in window
[TrendScout] no signals found in window
[TrendScout] no signals found in window
[TrendScout] no signals found in window
[TrendScout] no signals found in window
[TrendScout] no signals found in window
[TrendScout] no signals found in window
[TrendScout] no signals found in window
[TrendScout] no signals found in window
[TrendScout] no signals found in window
[TrendScout] no signals found in window
[TrendScout] no signals found in window
[TrendScout] no signals found in window
